<?xml version="1.0" encoding="UTF-8"?>
<testsuite name="MainTest" tests="4" skipped="0" failures="0" errors="0" timestamp="2024-04-25T20:40:07" hostname="DESKTOP-A97GDF4" time="0.027">
  <properties/>
  <testcase name="simpleTest" classname="MainTest" time="0.021"/>
  <testcase name="simpleTest2" classname="MainTest" time="0.0"/>
  <testcase name="simpleTest3" classname="MainTest" time="0.0"/>
  <testcase name="simpleTest4" classname="MainTest" time="0.003"/>
  <system-out><![CDATA[]]></system-out>
  <system-err><![CDATA[]]></system-err>
</testsuite>
